<?xml version="1.0" encoding="UTF-8"?>
<!-- Generated by org.testng.reporters.JUnitReportReporter -->
<testsuite hostname="KalpeshThinkpad" failures="0" tests="2" name="com.sauce.qa.testcases.LoginPageTest" time="9.966" errors="0" timestamp="2023-06-28T23:37:01 IST" skipped="0">
  <testcase classname="com.sauce.qa.testcases.LoginPageTest" name="loginPageTitleTest" time="3.687"/>
  <testcase classname="com.sauce.qa.testcases.LoginPageTest" name="loginTest" time="6.279"/>
</testsuite> <!-- com.sauce.qa.testcases.LoginPageTest -->
