<?xml version="1.0" encoding="UTF-8"?>
<!-- Generated by org.testng.reporters.JUnitReportReporter -->
<testsuite hostname="KalpeshThinkpad" failures="0" tests="2" name="com.sauce.qa.testcases.CartPageTest" time="7.791" errors="0" timestamp="2023-06-28T23:37:01 IST" skipped="0">
  <testcase classname="com.sauce.qa.testcases.CartPageTest" name="clickCheckoutTest" time="4.020"/>
  <testcase classname="com.sauce.qa.testcases.CartPageTest" name="removeBackpack" time="3.771"/>
</testsuite> <!-- com.sauce.qa.testcases.CartPageTest -->
