<?xml version="1.0" encoding="UTF-8"?>
<!-- Generated by org.testng.reporters.JUnitReportReporter -->
<testsuite hostname="KalpeshThinkpad" failures="0" tests="4" name="com.sauce.qa.testcases.HomePageTest" time="18.425" errors="0" timestamp="2023-06-28T23:37:01 IST" skipped="0">
  <testcase classname="com.sauce.qa.testcases.HomePageTest" name="verifyHomePageTitleTest" time="5.051"/>
  <testcase classname="com.sauce.qa.testcases.HomePageTest" name="addingBackPackToCartTest" time="4.064"/>
  <testcase classname="com.sauce.qa.testcases.HomePageTest" name="goToCartTest" time="4.399"/>
  <testcase classname="com.sauce.qa.testcases.HomePageTest" name="addingBikeLightToCartTest" time="4.911"/>
</testsuite> <!-- com.sauce.qa.testcases.HomePageTest -->
