<?xml version="1.0" encoding="UTF-8"?>
<!-- Generated by org.testng.reporters.JUnitReportReporter -->
<testsuite hostname="KalpeshThinkpad" failures="0" tests="1" name="com.sauce.qa.testcases.CheckoutPageTest" time="5.112" errors="0" timestamp="2023-06-28T23:37:01 IST" skipped="0">
  <testcase classname="com.sauce.qa.testcases.CheckoutPageTest" name="checkoutTest" time="5.112"/>
</testsuite> <!-- com.sauce.qa.testcases.CheckoutPageTest -->
