<?xml version="1.0" encoding="UTF-8"?>
<!-- Generated by org.testng.reporters.JUnitReportReporter -->
<testsuite hostname="KalpeshThinkpad" failures="0" tests="2" name="com.sauce.qa.testcases.CheckoutOverviewPageTest" time="11.248" errors="0" timestamp="2023-06-28T23:37:01 IST" skipped="0">
  <testcase classname="com.sauce.qa.testcases.CheckoutOverviewPageTest" name="clickFinishTest" time="5.077"/>
  <testcase classname="com.sauce.qa.testcases.CheckoutOverviewPageTest" name="verifyItemNameTest" time="6.171"/>
</testsuite> <!-- com.sauce.qa.testcases.CheckoutOverviewPageTest -->
