<?xml version="1.0" encoding="UTF-8"?>
<!-- Generated by org.testng.reporters.JUnitReportReporter -->
<testsuite hostname="KalpeshThinkpad" failures="0" tests="1" name="com.sauce.qa.testcases.CheckoutCompletePageTest" time="6.663" errors="0" timestamp="2023-06-28T23:37:01 IST" skipped="0">
  <testcase classname="com.sauce.qa.testcases.CheckoutCompletePageTest" name="verifySuccessMessage" time="6.663"/>
</testsuite> <!-- com.sauce.qa.testcases.CheckoutCompletePageTest -->
